IP Upgrade report for DE10_NANO_Bal
Sat Aug 24 12:47:24 2019
Quartus Prime Version 18.0.0 Build 614 04/24/2018 SJ Lite Edition


---------------------
; Table of Contents ;
---------------------
  1. Legal Notice
  2. IP Upgrade Summary
  3. Successfully Upgraded IP Components
  4. IP Upgrade Messages



----------------
; Legal Notice ;
----------------
Copyright (C) 2018  Intel Corporation. All rights reserved.
Your use of Intel Corporation's design tools, logic functions 
and other software and tools, and its AMPP partner logic 
functions, and any output files from any of the foregoing 
(including device programming or simulation files), and any 
associated documentation or information are expressly subject 
to the terms and conditions of the Intel Program License 
Subscription Agreement, the Intel Quartus Prime License Agreement,
the Intel FPGA IP License Agreement, or other applicable license
agreement, including, without limitation, that your use is for
the sole purpose of programming logic devices manufactured by
Intel and sold by Intel or its authorized distributors.  Please
refer to the applicable agreement for further details.



+----------------------------------------------------------------------------+
; IP Upgrade Summary                                                         ;
+------------------------------+---------------------------------------------+
; IP Components Upgrade Status ; Passed - Sat Aug 24 12:47:24 2019           ;
; Quartus Prime Version        ; 18.0.0 Build 614 04/24/2018 SJ Lite Edition ;
; Revision Name                ; DE10_NANO_Bal                               ;
; Top-level Entity Name        ; DE10_NANO_Bal                               ;
; Family                       ; Cyclone V                                   ;
+------------------------------+---------------------------------------------+


+-----------------------------------------------------------------------------------------------------------------------------------------------------------------------+
; Successfully Upgraded IP Components                                                                                                                                   ;
+-------------+------------------------------+---------+----------------------------------+--------------------------------+----------------------------------+---------+
; Entity Name ; Component Name               ; Version ; Original Source File             ; Generation File Path           ; New Source File                  ; Message ;
+-------------+------------------------------+---------+----------------------------------+--------------------------------+----------------------------------+---------+
; hps_reset   ; In-System Sources and Probes ; 17.0    ; ip/altsource_probe/hps_reset.qip ; ip/altsource_probe/hps_reset.v ; ip/altsource_probe/hps_reset.qip ;         ;
; sys_pll     ; altera_pll                   ; 17.0    ; sys_pll.qip                      ; sys_pll.v                      ; sys_pll.qip                      ;         ;
+-------------+------------------------------+---------+----------------------------------+--------------------------------+----------------------------------+---------+


+---------------------+
; IP Upgrade Messages ;
+---------------------+
Info (11902): Backing up file "ip/altsource_probe/hps_reset.v" to "ip/altsource_probe/hps_reset.BAK.v"
Info (11837): Started upgrading IP component In-System Sources and Probes with file "ip/altsource_probe/hps_reset.v"
Info (11902): Backing up file "sys_pll.v" to "sys_pll.BAK.v"
Info (11837): Started upgrading IP component altera_pll with file "sys_pll.v"
Info (11131): Completed upgrading IP component In-System Sources and Probes with file "ip/altsource_probe/hps_reset.v"
Info (11131): Completed upgrading IP component altera_pll with file "sys_pll.v"
Info (23030): Evaluation of Tcl script d:/intelfpga_lite/18.0/quartus/common/tcl/internal/ip_regen/ip_regen.tcl was successful
Info: Quartus Prime Shell was successful. 0 errors, 0 warnings
    Info: Peak virtual memory: 4937 megabytes
    Info: Processing ended: Sat Aug 24 12:47:30 2019
    Info: Elapsed time: 00:00:41
    Info: Total CPU time (on all processors): 00:00:26


